Seq Scan: Seq Scan on customer c  (cost=0.00..5675.00 rows=27137 width=197) (actual time=0.035..71.495 rows=27119 loops=1)
        │ Filter: (c_acctbal < '1000'
        └ Filter: 122881
